<?xml version="1.0" encoding="UTF-8"?>
<!-- Generated by org.testng.reporters.JUnitReportReporter -->
<testsuite skipped="0" hostname="DESKTOP-3OCI825" name="com.nopcommerce.testCases.TC_SearchCustomerByEmail_004" tests="1" failures="0" timestamp="21 Apr 2020 16:15:11 GMT" time="19.565" errors="0">
  <testcase name="searchCustomerbyEmail" time="19.565" classname="com.nopcommerce.testCases.TC_SearchCustomerByEmail_004"/>
</testsuite> <!-- com.nopcommerce.testCases.TC_SearchCustomerByEmail_004 -->
