<?xml version="1.0" encoding="UTF-8"?>
<!-- Generated by org.testng.reporters.JUnitReportReporter -->
<testsuite skipped="0" hostname="DESKTOP-3OCI825" name="com.nopcommerce.testCases.TC_LoginDDT_002" tests="4" failures="0" timestamp="19 Apr 2020 03:25:37 GMT" time="34.384" errors="0">
  <testcase name="loginTest" time="12.953" classname="com.nopcommerce.testCases.TC_LoginDDT_002"/>
  <testcase name="loginTest" time="7.525" classname="com.nopcommerce.testCases.TC_LoginDDT_002"/>
  <testcase name="loginTest" time="6.632" classname="com.nopcommerce.testCases.TC_LoginDDT_002"/>
  <testcase name="loginTest" time="7.274" classname="com.nopcommerce.testCases.TC_LoginDDT_002"/>
</testsuite> <!-- com.nopcommerce.testCases.TC_LoginDDT_002 -->
